<?xml version="1.0" encoding="UTF-8"?>
<testsuite xmlns:xsi="http://www.w3.org/2001/XMLSchema-instance" xsi:noNamespaceSchemaLocation="https://maven.apache.org/surefire/maven-surefire-plugin/xsd/surefire-test-report.xsd" name="runner.Testrunner" time="8.788" tests="0" errors="0" skipped="0" failures="0">
  <properties>
    <property name="sun.desktop" value="windows"/>
    <property name="awt.toolkit" value="sun.awt.windows.WToolkit"/>
    <property name="file.encoding.pkg" value="sun.io"/>
    <property name="java.specification.version" value="1.8"/>
    <property name="sun.cpu.isalist" value="amd64"/>
    <property name="sun.jnu.encoding" value="Cp1252"/>
    <property name="java.class.path" value="E:\ApiBDDRestassured\target\test-classes;E:\ApiBDDRestassured\target\classes;C:\Users\Damu\.m2\repository\io\rest-assured\rest-assured\4.1.2\rest-assured-4.1.2.jar;C:\Users\Damu\.m2\repository\org\codehaus\groovy\groovy\2.5.8\groovy-2.5.8.jar;C:\Users\Damu\.m2\repository\org\codehaus\groovy\groovy-xml\2.5.8\groovy-xml-2.5.8.jar;C:\Users\Damu\.m2\repository\org\apache\httpcomponents\httpclient\4.5.3\httpclient-4.5.3.jar;C:\Users\Damu\.m2\repository\org\apache\httpcomponents\httpcore\4.4.6\httpcore-4.4.6.jar;C:\Users\Damu\.m2\repository\commons-logging\commons-logging\1.2\commons-logging-1.2.jar;C:\Users\Damu\.m2\repository\commons-codec\commons-codec\1.9\commons-codec-1.9.jar;C:\Users\Damu\.m2\repository\org\apache\httpcomponents\httpmime\4.5.3\httpmime-4.5.3.jar;C:\Users\Damu\.m2\repository\org\hamcrest\hamcrest\2.1\hamcrest-2.1.jar;C:\Users\Damu\.m2\repository\org\ccil\cowan\tagsoup\tagsoup\1.2.1\tagsoup-1.2.1.jar;C:\Users\Damu\.m2\repository\io\rest-assured\json-path\4.1.2\json-path-4.1.2.jar;C:\Users\Damu\.m2\repository\io\rest-assured\rest-assured-common\4.1.2\rest-assured-common-4.1.2.jar;C:\Users\Damu\.m2\repository\io\rest-assured\xml-path\4.1.2\xml-path-4.1.2.jar;C:\Users\Damu\.m2\repository\org\apache\commons\commons-lang3\3.4\commons-lang3-3.4.jar;C:\Users\Damu\.m2\repository\javax\xml\bind\jaxb-api\2.3.1\jaxb-api-2.3.1.jar;C:\Users\Damu\.m2\repository\javax\activation\javax.activation-api\1.2.0\javax.activation-api-1.2.0.jar;C:\Users\Damu\.m2\repository\com\sun\xml\bind\jaxb-osgi\2.3.0.1\jaxb-osgi-2.3.0.1.jar;C:\Users\Damu\.m2\repository\org\apache\sling\org.apache.sling.javax.activation\0.1.0\org.apache.sling.javax.activation-0.1.0.jar;C:\Users\Damu\.m2\repository\javax\activation\activation\1.1.1\activation-1.1.1.jar;C:\Users\Damu\.m2\repository\info\cukes\cucumber-java\1.2.5\cucumber-java-1.2.5.jar;C:\Users\Damu\.m2\repository\info\cukes\cucumber-core\1.2.5\cucumber-core-1.2.5.jar;C:\Users\Damu\.m2\repository\info\cukes\cucumber-html\0.2.3\cucumber-html-0.2.3.jar;C:\Users\Damu\.m2\repository\info\cukes\cucumber-jvm-deps\1.0.5\cucumber-jvm-deps-1.0.5.jar;C:\Users\Damu\.m2\repository\info\cukes\gherkin\2.12.2\gherkin-2.12.2.jar;C:\Users\Damu\.m2\repository\org\codehaus\groovy\groovy-ant\2.5.7\groovy-ant-2.5.7.jar;C:\Users\Damu\.m2\repository\org\apache\ant\ant\1.9.13\ant-1.9.13.jar;C:\Users\Damu\.m2\repository\org\apache\ant\ant-junit\1.9.13\ant-junit-1.9.13.jar;C:\Users\Damu\.m2\repository\org\apache\ant\ant-launcher\1.9.13\ant-launcher-1.9.13.jar;C:\Users\Damu\.m2\repository\org\apache\ant\ant-antlr\1.9.13\ant-antlr-1.9.13.jar;C:\Users\Damu\.m2\repository\org\codehaus\groovy\groovy-cli-commons\2.5.7\groovy-cli-commons-2.5.7.jar;C:\Users\Damu\.m2\repository\commons-cli\commons-cli\1.4\commons-cli-1.4.jar;C:\Users\Damu\.m2\repository\org\codehaus\groovy\groovy-cli-picocli\2.5.7\groovy-cli-picocli-2.5.7.jar;C:\Users\Damu\.m2\repository\info\picocli\picocli\3.9.5\picocli-3.9.5.jar;C:\Users\Damu\.m2\repository\org\codehaus\groovy\groovy-console\2.5.7\groovy-console-2.5.7.jar;C:\Users\Damu\.m2\repository\org\codehaus\groovy\groovy-datetime\2.5.7\groovy-datetime-2.5.7.jar;C:\Users\Damu\.m2\repository\org\codehaus\groovy\groovy-docgenerator\2.5.7\groovy-docgenerator-2.5.7.jar;C:\Users\Damu\.m2\repository\com\thoughtworks\qdox\qdox\1.12.1\qdox-1.12.1.jar;C:\Users\Damu\.m2\repository\org\codehaus\groovy\groovy-groovydoc\2.5.7\groovy-groovydoc-2.5.7.jar;C:\Users\Damu\.m2\repository\org\codehaus\groovy\groovy-groovysh\2.5.7\groovy-groovysh-2.5.7.jar;C:\Users\Damu\.m2\repository\jline\jline\2.14.6\jline-2.14.6.jar;C:\Users\Damu\.m2\repository\org\codehaus\groovy\groovy-jmx\2.5.7\groovy-jmx-2.5.7.jar;C:\Users\Damu\.m2\repository\org\codehaus\groovy\groovy-json\2.5.7\groovy-json-2.5.7.jar;C:\Users\Damu\.m2\repository\org\codehaus\groovy\groovy-jsr223\2.5.7\groovy-jsr223-2.5.7.jar;C:\Users\Damu\.m2\repository\org\codehaus\groovy\groovy-macro\2.5.7\groovy-macro-2.5.7.jar;C:\Users\Damu\.m2\repository\org\codehaus\groovy\groovy-nio\2.5.7\groovy-nio-2.5.7.jar;C:\Users\Damu\.m2\repository\org\codehaus\groovy\groovy-servlet\2.5.7\groovy-servlet-2.5.7.jar;C:\Users\Damu\.m2\repository\org\codehaus\groovy\groovy-sql\2.5.7\groovy-sql-2.5.7.jar;C:\Users\Damu\.m2\repository\org\codehaus\groovy\groovy-swing\2.5.7\groovy-swing-2.5.7.jar;C:\Users\Damu\.m2\repository\org\codehaus\groovy\groovy-templates\2.5.7\groovy-templates-2.5.7.jar;C:\Users\Damu\.m2\repository\org\codehaus\groovy\groovy-test\2.5.7\groovy-test-2.5.7.jar;C:\Users\Damu\.m2\repository\org\codehaus\groovy\groovy-test-junit5\2.5.7\groovy-test-junit5-2.5.7.jar;C:\Users\Damu\.m2\repository\org\junit\platform\junit-platform-launcher\1.4.0\junit-platform-launcher-1.4.0.jar;C:\Users\Damu\.m2\repository\org\junit\platform\junit-platform-engine\1.4.0\junit-platform-engine-1.4.0.jar;C:\Users\Damu\.m2\repository\org\opentest4j\opentest4j\1.1.1\opentest4j-1.1.1.jar;C:\Users\Damu\.m2\repository\org\junit\platform\junit-platform-commons\1.4.0\junit-platform-commons-1.4.0.jar;C:\Users\Damu\.m2\repository\org\junit\jupiter\junit-jupiter-engine\5.4.0\junit-jupiter-engine-5.4.0.jar;C:\Users\Damu\.m2\repository\org\junit\jupiter\junit-jupiter-api\5.4.0\junit-jupiter-api-5.4.0.jar;C:\Users\Damu\.m2\repository\org\codehaus\groovy\groovy-testng\2.5.7\groovy-testng-2.5.7.jar;C:\Users\Damu\.m2\repository\info\cukes\cucumber-junit\1.2.5\cucumber-junit-1.2.5.jar;C:\Users\Damu\.m2\repository\junit\junit\4.12\junit-4.12.jar;C:\Users\Damu\.m2\repository\org\hamcrest\hamcrest-core\1.3\hamcrest-core-1.3.jar;C:\Users\Damu\.m2\repository\io\cucumber\cucumber-testng\4.8.1\cucumber-testng-4.8.1.jar;C:\Users\Damu\.m2\repository\org\apiguardian\apiguardian-api\1.1.0\apiguardian-api-1.1.0.jar;C:\Users\Damu\.m2\repository\io\cucumber\cucumber-core\4.8.1\cucumber-core-4.8.1.jar;C:\Users\Damu\.m2\repository\io\cucumber\gherkin\5.1.0\gherkin-5.1.0.jar;C:\Users\Damu\.m2\repository\io\cucumber\tag-expressions\1.1.1\tag-expressions-1.1.1.jar;C:\Users\Damu\.m2\repository\io\cucumber\cucumber-expressions\7.0.2\cucumber-expressions-7.0.2.jar;C:\Users\Damu\.m2\repository\io\cucumber\datatable\1.1.14\datatable-1.1.14.jar;C:\Users\Damu\.m2\repository\io\cucumber\datatable-dependencies\1.1.14\datatable-dependencies-1.1.14.jar;C:\Users\Damu\.m2\repository\org\testng\testng\7.0.0\testng-7.0.0.jar;C:\Users\Damu\.m2\repository\com\beust\jcommander\1.72\jcommander-1.72.jar;C:\Users\Damu\.m2\repository\com\vimalselvam\cucumber-extentsreport\3.0.2\cucumber-extentsreport-3.0.2.jar;C:\Users\Damu\.m2\repository\com\aventstack\extentreports\3.1.2\extentreports-3.1.2.jar;C:\Users\Damu\.m2\repository\org\freemarker\freemarker\2.3.23\freemarker-2.3.23.jar;C:\Users\Damu\.m2\repository\org\mongodb\mongodb-driver\3.3.0\mongodb-driver-3.3.0.jar;C:\Users\Damu\.m2\repository\org\mongodb\bson\3.3.0\bson-3.3.0.jar;C:\Users\Damu\.m2\repository\org\mongodb\mongodb-driver-core\3.3.0\mongodb-driver-core-3.3.0.jar;C:\Users\Damu\.m2\repository\org\jsoup\jsoup\1.9.2\jsoup-1.9.2.jar;C:\Users\Damu\.m2\repository\com\google\code\gson\gson\2.8.0\gson-2.8.0.jar;"/>
    <property name="java.vm.vendor" value="Oracle Corporation"/>
    <property name="sun.arch.data.model" value="64"/>
    <property name="user.variant" value=""/>
    <property name="java.vendor.url" value="http://java.oracle.com/"/>
    <property name="user.timezone" value="Australia/Sydney"/>
    <property name="java.vm.specification.version" value="1.8"/>
    <property name="os.name" value="Windows 7"/>
    <property name="user.country" value="US"/>
    <property name="sun.java.launcher" value="SUN_STANDARD"/>
    <property name="sun.boot.library.path" value="C:\Program Files\Java\jdk1.8.0_231\jre\bin"/>
    <property name="sun.java.command" value="C:\Users\Damu\AppData\Local\Temp\surefire5267592625229815188\surefirebooter5419645210744021806.jar C:\Users\Damu\AppData\Local\Temp\surefire5267592625229815188 2020-01-25T14-08-13_172-jvmRun1 surefire363798283660933425tmp surefire_05343830259375992726tmp"/>
    <property name="surefire.test.class.path" value="E:\ApiBDDRestassured\target\test-classes;E:\ApiBDDRestassured\target\classes;C:\Users\Damu\.m2\repository\io\rest-assured\rest-assured\4.1.2\rest-assured-4.1.2.jar;C:\Users\Damu\.m2\repository\org\codehaus\groovy\groovy\2.5.8\groovy-2.5.8.jar;C:\Users\Damu\.m2\repository\org\codehaus\groovy\groovy-xml\2.5.8\groovy-xml-2.5.8.jar;C:\Users\Damu\.m2\repository\org\apache\httpcomponents\httpclient\4.5.3\httpclient-4.5.3.jar;C:\Users\Damu\.m2\repository\org\apache\httpcomponents\httpcore\4.4.6\httpcore-4.4.6.jar;C:\Users\Damu\.m2\repository\commons-logging\commons-logging\1.2\commons-logging-1.2.jar;C:\Users\Damu\.m2\repository\commons-codec\commons-codec\1.9\commons-codec-1.9.jar;C:\Users\Damu\.m2\repository\org\apache\httpcomponents\httpmime\4.5.3\httpmime-4.5.3.jar;C:\Users\Damu\.m2\repository\org\hamcrest\hamcrest\2.1\hamcrest-2.1.jar;C:\Users\Damu\.m2\repository\org\ccil\cowan\tagsoup\tagsoup\1.2.1\tagsoup-1.2.1.jar;C:\Users\Damu\.m2\repository\io\rest-assured\json-path\4.1.2\json-path-4.1.2.jar;C:\Users\Damu\.m2\repository\io\rest-assured\rest-assured-common\4.1.2\rest-assured-common-4.1.2.jar;C:\Users\Damu\.m2\repository\io\rest-assured\xml-path\4.1.2\xml-path-4.1.2.jar;C:\Users\Damu\.m2\repository\org\apache\commons\commons-lang3\3.4\commons-lang3-3.4.jar;C:\Users\Damu\.m2\repository\javax\xml\bind\jaxb-api\2.3.1\jaxb-api-2.3.1.jar;C:\Users\Damu\.m2\repository\javax\activation\javax.activation-api\1.2.0\javax.activation-api-1.2.0.jar;C:\Users\Damu\.m2\repository\com\sun\xml\bind\jaxb-osgi\2.3.0.1\jaxb-osgi-2.3.0.1.jar;C:\Users\Damu\.m2\repository\org\apache\sling\org.apache.sling.javax.activation\0.1.0\org.apache.sling.javax.activation-0.1.0.jar;C:\Users\Damu\.m2\repository\javax\activation\activation\1.1.1\activation-1.1.1.jar;C:\Users\Damu\.m2\repository\info\cukes\cucumber-java\1.2.5\cucumber-java-1.2.5.jar;C:\Users\Damu\.m2\repository\info\cukes\cucumber-core\1.2.5\cucumber-core-1.2.5.jar;C:\Users\Damu\.m2\repository\info\cukes\cucumber-html\0.2.3\cucumber-html-0.2.3.jar;C:\Users\Damu\.m2\repository\info\cukes\cucumber-jvm-deps\1.0.5\cucumber-jvm-deps-1.0.5.jar;C:\Users\Damu\.m2\repository\info\cukes\gherkin\2.12.2\gherkin-2.12.2.jar;C:\Users\Damu\.m2\repository\org\codehaus\groovy\groovy-ant\2.5.7\groovy-ant-2.5.7.jar;C:\Users\Damu\.m2\repository\org\apache\ant\ant\1.9.13\ant-1.9.13.jar;C:\Users\Damu\.m2\repository\org\apache\ant\ant-junit\1.9.13\ant-junit-1.9.13.jar;C:\Users\Damu\.m2\repository\org\apache\ant\ant-launcher\1.9.13\ant-launcher-1.9.13.jar;C:\Users\Damu\.m2\repository\org\apache\ant\ant-antlr\1.9.13\ant-antlr-1.9.13.jar;C:\Users\Damu\.m2\repository\org\codehaus\groovy\groovy-cli-commons\2.5.7\groovy-cli-commons-2.5.7.jar;C:\Users\Damu\.m2\repository\commons-cli\commons-cli\1.4\commons-cli-1.4.jar;C:\Users\Damu\.m2\repository\org\codehaus\groovy\groovy-cli-picocli\2.5.7\groovy-cli-picocli-2.5.7.jar;C:\Users\Damu\.m2\repository\info\picocli\picocli\3.9.5\picocli-3.9.5.jar;C:\Users\Damu\.m2\repository\org\codehaus\groovy\groovy-console\2.5.7\groovy-console-2.5.7.jar;C:\Users\Damu\.m2\repository\org\codehaus\groovy\groovy-datetime\2.5.7\groovy-datetime-2.5.7.jar;C:\Users\Damu\.m2\repository\org\codehaus\groovy\groovy-docgenerator\2.5.7\groovy-docgenerator-2.5.7.jar;C:\Users\Damu\.m2\repository\com\thoughtworks\qdox\qdox\1.12.1\qdox-1.12.1.jar;C:\Users\Damu\.m2\repository\org\codehaus\groovy\groovy-groovydoc\2.5.7\groovy-groovydoc-2.5.7.jar;C:\Users\Damu\.m2\repository\org\codehaus\groovy\groovy-groovysh\2.5.7\groovy-groovysh-2.5.7.jar;C:\Users\Damu\.m2\repository\jline\jline\2.14.6\jline-2.14.6.jar;C:\Users\Damu\.m2\repository\org\codehaus\groovy\groovy-jmx\2.5.7\groovy-jmx-2.5.7.jar;C:\Users\Damu\.m2\repository\org\codehaus\groovy\groovy-json\2.5.7\groovy-json-2.5.7.jar;C:\Users\Damu\.m2\repository\org\codehaus\groovy\groovy-jsr223\2.5.7\groovy-jsr223-2.5.7.jar;C:\Users\Damu\.m2\repository\org\codehaus\groovy\groovy-macro\2.5.7\groovy-macro-2.5.7.jar;C:\Users\Damu\.m2\repository\org\codehaus\groovy\groovy-nio\2.5.7\groovy-nio-2.5.7.jar;C:\Users\Damu\.m2\repository\org\codehaus\groovy\groovy-servlet\2.5.7\groovy-servlet-2.5.7.jar;C:\Users\Damu\.m2\repository\org\codehaus\groovy\groovy-sql\2.5.7\groovy-sql-2.5.7.jar;C:\Users\Damu\.m2\repository\org\codehaus\groovy\groovy-swing\2.5.7\groovy-swing-2.5.7.jar;C:\Users\Damu\.m2\repository\org\codehaus\groovy\groovy-templates\2.5.7\groovy-templates-2.5.7.jar;C:\Users\Damu\.m2\repository\org\codehaus\groovy\groovy-test\2.5.7\groovy-test-2.5.7.jar;C:\Users\Damu\.m2\repository\org\codehaus\groovy\groovy-test-junit5\2.5.7\groovy-test-junit5-2.5.7.jar;C:\Users\Damu\.m2\repository\org\junit\platform\junit-platform-launcher\1.4.0\junit-platform-launcher-1.4.0.jar;C:\Users\Damu\.m2\repository\org\junit\platform\junit-platform-engine\1.4.0\junit-platform-engine-1.4.0.jar;C:\Users\Damu\.m2\repository\org\opentest4j\opentest4j\1.1.1\opentest4j-1.1.1.jar;C:\Users\Damu\.m2\repository\org\junit\platform\junit-platform-commons\1.4.0\junit-platform-commons-1.4.0.jar;C:\Users\Damu\.m2\repository\org\junit\jupiter\junit-jupiter-engine\5.4.0\junit-jupiter-engine-5.4.0.jar;C:\Users\Damu\.m2\repository\org\junit\jupiter\junit-jupiter-api\5.4.0\junit-jupiter-api-5.4.0.jar;C:\Users\Damu\.m2\repository\org\codehaus\groovy\groovy-testng\2.5.7\groovy-testng-2.5.7.jar;C:\Users\Damu\.m2\repository\info\cukes\cucumber-junit\1.2.5\cucumber-junit-1.2.5.jar;C:\Users\Damu\.m2\repository\junit\junit\4.12\junit-4.12.jar;C:\Users\Damu\.m2\repository\org\hamcrest\hamcrest-core\1.3\hamcrest-core-1.3.jar;C:\Users\Damu\.m2\repository\io\cucumber\cucumber-testng\4.8.1\cucumber-testng-4.8.1.jar;C:\Users\Damu\.m2\repository\org\apiguardian\apiguardian-api\1.1.0\apiguardian-api-1.1.0.jar;C:\Users\Damu\.m2\repository\io\cucumber\cucumber-core\4.8.1\cucumber-core-4.8.1.jar;C:\Users\Damu\.m2\repository\io\cucumber\gherkin\5.1.0\gherkin-5.1.0.jar;C:\Users\Damu\.m2\repository\io\cucumber\tag-expressions\1.1.1\tag-expressions-1.1.1.jar;C:\Users\Damu\.m2\repository\io\cucumber\cucumber-expressions\7.0.2\cucumber-expressions-7.0.2.jar;C:\Users\Damu\.m2\repository\io\cucumber\datatable\1.1.14\datatable-1.1.14.jar;C:\Users\Damu\.m2\repository\io\cucumber\datatable-dependencies\1.1.14\datatable-dependencies-1.1.14.jar;C:\Users\Damu\.m2\repository\org\testng\testng\7.0.0\testng-7.0.0.jar;C:\Users\Damu\.m2\repository\com\beust\jcommander\1.72\jcommander-1.72.jar;C:\Users\Damu\.m2\repository\com\vimalselvam\cucumber-extentsreport\3.0.2\cucumber-extentsreport-3.0.2.jar;C:\Users\Damu\.m2\repository\com\aventstack\extentreports\3.1.2\extentreports-3.1.2.jar;C:\Users\Damu\.m2\repository\org\freemarker\freemarker\2.3.23\freemarker-2.3.23.jar;C:\Users\Damu\.m2\repository\org\mongodb\mongodb-driver\3.3.0\mongodb-driver-3.3.0.jar;C:\Users\Damu\.m2\repository\org\mongodb\bson\3.3.0\bson-3.3.0.jar;C:\Users\Damu\.m2\repository\org\mongodb\mongodb-driver-core\3.3.0\mongodb-driver-core-3.3.0.jar;C:\Users\Damu\.m2\repository\org\jsoup\jsoup\1.9.2\jsoup-1.9.2.jar;C:\Users\Damu\.m2\repository\com\google\code\gson\gson\2.8.0\gson-2.8.0.jar;"/>
    <property name="sun.cpu.endian" value="little"/>
    <property name="user.home" value="C:\Users\Damu"/>
    <property name="user.language" value="en"/>
    <property name="java.specification.vendor" value="Oracle Corporation"/>
    <property name="java.home" value="C:\Program Files\Java\jdk1.8.0_231\jre"/>
    <property name="basedir" value="E:\ApiBDDRestassured"/>
    <property name="file.separator" value="\"/>
    <property name="line.separator" value="&#10;"/>
    <property name="java.vm.specification.vendor" value="Oracle Corporation"/>
    <property name="java.specification.name" value="Java Platform API Specification"/>
    <property name="java.awt.graphicsenv" value="sun.awt.Win32GraphicsEnvironment"/>
    <property name="surefire.real.class.path" value="C:\Users\Damu\AppData\Local\Temp\surefire5267592625229815188\surefirebooter5419645210744021806.jar"/>
    <property name="sun.boot.class.path" value="C:\Program Files\Java\jdk1.8.0_231\jre\lib\resources.jar;C:\Program Files\Java\jdk1.8.0_231\jre\lib\rt.jar;C:\Program Files\Java\jdk1.8.0_231\jre\lib\sunrsasign.jar;C:\Program Files\Java\jdk1.8.0_231\jre\lib\jsse.jar;C:\Program Files\Java\jdk1.8.0_231\jre\lib\jce.jar;C:\Program Files\Java\jdk1.8.0_231\jre\lib\charsets.jar;C:\Program Files\Java\jdk1.8.0_231\jre\lib\jfr.jar;C:\Program Files\Java\jdk1.8.0_231\jre\classes"/>
    <property name="user.script" value=""/>
    <property name="sun.management.compiler" value="HotSpot 64-Bit Tiered Compilers"/>
    <property name="java.runtime.version" value="1.8.0_231-b11"/>
    <property name="user.name" value="Damu"/>
    <property name="path.separator" value=";"/>
    <property name="os.version" value="6.1"/>
    <property name="java.endorsed.dirs" value="C:\Program Files\Java\jdk1.8.0_231\jre\lib\endorsed"/>
    <property name="java.runtime.name" value="Java(TM) SE Runtime Environment"/>
    <property name="file.encoding" value="Cp1252"/>
    <property name="java.vm.name" value="Java HotSpot(TM) 64-Bit Server VM"/>
    <property name="localRepository" value="C:\Users\Damu\.m2\repository"/>
    <property name="java.vendor.url.bug" value="http://bugreport.sun.com/bugreport/"/>
    <property name="java.io.tmpdir" value="C:\Users\Damu\AppData\Local\Temp\"/>
    <property name="java.version" value="1.8.0_231"/>
    <property name="user.dir" value="E:\ApiBDDRestassured"/>
    <property name="os.arch" value="amd64"/>
    <property name="java.vm.specification.name" value="Java Virtual Machine Specification"/>
    <property name="java.awt.printerjob" value="sun.awt.windows.WPrinterJob"/>
    <property name="sun.os.patch.level" value="Service Pack 1"/>
    <property name="java.library.path" value="C:\Program Files\Java\jdk1.8.0_231\jre\bin;C:\Windows\Sun\Java\bin;C:\Windows\system32;C:\Windows;C:\Program Files (x86)\Common Files\Oracle\Java\javapath;C:\Program Files\Java\jdk1.8.0_231\bin;C:\Program Files\Git\cmd;C:\apache-maven-3.6.3\bin;."/>
    <property name="java.vm.info" value="mixed mode"/>
    <property name="java.vendor" value="Oracle Corporation"/>
    <property name="java.vm.version" value="25.231-b11"/>
    <property name="java.ext.dirs" value="C:\Program Files\Java\jdk1.8.0_231\jre\lib\ext;C:\Windows\Sun\Java\lib\ext"/>
    <property name="sun.io.unicode.encoding" value="UnicodeLittle"/>
    <property name="java.class.version" value="52.0"/>
  </properties>
</testsuite>